2021-03-26 04:13:41.445 - INFO - 13015 - azureml.train.automl.run._log_activity:55 - ActivityStarted: GetOutput
2021-03-26 04:13:41.457 - INFO - 13015 - azureml.train.automl.run._log_activity:55 - ActivityStarted: GetOutput
2021-03-26 04:13:41.467 - INFO - 13015 - azureml.train.automl.run._log_activity:55 - ActivityStarted: GetChildren
2021-03-26 04:13:41.613 - INFO - 13015 - azureml.train.automl.run._log_activity:93 - ActivityCompleted: Activity=GetChildren, HowEnded=Success, Duration=145.22[ms]
2021-03-26 04:13:41.664 - INFO - 13015 - azureml.train.automl.run._log_activity:93 - ActivityCompleted: Activity=GetOutput, HowEnded=Success, Duration=207.61[ms]
2021-03-26 04:13:41.665 - INFO - 13015 - azureml.train.automl._model_download_utilities._log_activity:55 - ActivityStarted: DownloadModel
2021-03-26 04:13:44.448 - INFO - 13015 - azureml.automl.runtime.distributed.utilities.horovod_initialized:58 - Horovod not found in current environment. Distribution via Horovod will be disabled.
2021-03-26 04:13:47.704 - INFO - 13015 - azureml.automl.runtime.featurization.data_transformer.__init__:174 - Feature sweeping enabled: False
2021-03-26 04:13:47.704 - INFO - 13015 - azureml.automl.runtime.featurization.data_transformer.__init__:175 - Feature sweeping timeout: 86400
2021-03-26 04:13:51.372 - INFO - 13015 - azureml.train.automl._model_download_utilities._log_activity:93 - ActivityCompleted: Activity=DownloadModel, HowEnded=Success, Duration=9706.6[ms]
2021-03-26 04:13:51.412 - INFO - 13015 - azureml.train.automl.run._log_activity:93 - ActivityCompleted: Activity=GetOutput, HowEnded=Success, Duration=9966.62[ms]
2021-03-26 04:15:00.441 - INFO - 13015 - azureml.train.automl.run._log_activity:55 - ActivityStarted: GetOutput
2021-03-26 04:15:00.478 - INFO - 13015 - azureml.train.automl.run._log_activity:55 - ActivityStarted: GetOutput
2021-03-26 04:15:00.501 - INFO - 13015 - azureml.train.automl.run._log_activity:55 - ActivityStarted: GetChildren
2021-03-26 04:15:00.643 - INFO - 13015 - azureml.train.automl.run._log_activity:93 - ActivityCompleted: Activity=GetChildren, HowEnded=Success, Duration=142.2[ms]
2021-03-26 04:15:00.714 - INFO - 13015 - azureml.train.automl.run._log_activity:93 - ActivityCompleted: Activity=GetOutput, HowEnded=Success, Duration=236.33[ms]
2021-03-26 04:15:00.722 - INFO - 13015 - azureml.train.automl._model_download_utilities._log_activity:55 - ActivityStarted: DownloadModel
2021-03-26 04:15:01.096 - INFO - 13015 - azureml.automl.runtime.featurization.data_transformer.__init__:174 - Feature sweeping enabled: False
2021-03-26 04:15:01.102 - INFO - 13015 - azureml.automl.runtime.featurization.data_transformer.__init__:175 - Feature sweeping timeout: 86400
2021-03-26 04:15:01.126 - INFO - 13015 - azureml.train.automl._model_download_utilities._log_activity:93 - ActivityCompleted: Activity=DownloadModel, HowEnded=Success, Duration=403.8[ms]
2021-03-26 04:15:01.133 - INFO - 13015 - azureml.train.automl.run._log_activity:93 - ActivityCompleted: Activity=GetOutput, HowEnded=Success, Duration=691.47[ms]
